MIG: 16:04:31 : Running customizer.xit
MIG: 16:04:31 : ################# RUNNING MIG INTERACTIVE ###################
MIG: 16:04:31 : Writing IN file for 'mig_7series_0'...compDirPath: d:/Xilinx/Vivado/2017.2/data/ip/xilinx/mig_7series_v4_0... instDirPath: c:/Users/xmyzC/AppData/Roaming/Xilinx/Vivado/.Xil/Vivado-14740-DESKTOP-RJNJ8R0/coregen/mig_7series_0
MIG: 16:04:31 : synp_flow:  -- synthesis_mode: Other
MIG: 16:04:31 : outputDirectory: c:/Users/xmyzC/AppData/Roaming/Xilinx/Vivado/.Xil/Vivado-14740-DESKTOP-RJNJ8R0/coregen/mig_7series_0/_tmp/
MIG: 16:04:31 : vivado_mode: xpg_pa
MIG: 16:04:31 :  locked false  
MIG: 16:04:31 : HDL Language: Verilog
MIG: 16:04:31 : compInfo: true
MIG: 16:04:31 : relative mig path: coregen/ip/xilinx/other/com/xilinx/ip/mig_7series_v4_0/bin/nt64/mig.exe
MIG: 16:04:31 : xilinx_path: D:/Xilinx/Vivado/2017.2/ids_lite/ISE
MIG: 16:04:31 : I am in catch area
MIG: 16:04:31 : Running D:/Xilinx/Vivado/2017.2/ids_lite/ISE/coregen/ip/xilinx/other/com/xilinx/ip/mig_7series_v4_0/bin/nt64/mig.exe -cg_exc_inp c:/Users/xmyzC/AppData/Roaming/Xilinx/Vivado/.Xil/Vivado-14740-DESKTOP-RJNJ8R0/coregen/mig_7series_0/xil_txt.in -cg_exc_out c:/Users/xmyzC/AppData/Roaming/Xilinx/Vivado/.Xil/Vivado-14740-DESKTOP-RJNJ8R0/coregen/mig_7series_0/xil_txt.out ... 
MIG: 16:11:57 : Prasad before: xmlPropertyPrj --  .prj
MIG: 16:11:57 : Prasad After: xmlPropertyPrj -- mig_a.prj
MIG: 16:11:57 : XML_INPUT_FILE: c:/Users/xmyzC/AppData/Roaming/Xilinx/Vivado/.Xil/Vivado-14740-DESKTOP-RJNJ8R0/coregen/mig_7series_0/mig_a.prj
MIG: 16:11:57 : Component_Name: mig_ddr3
MIG: 16:11:57 : Moving mig_ddr3 ...
MIG: 16:11:57 : Moving mig_ddr3.veo ...
MIG: 16:11:57 : Moving mig_ddr3_xmdf.tcl ...
MIG: 16:11:57 : Sending back 0
MIG: 16:12:01 : xml_input_file: mig_a.prj
MIG: 16:12:01 : Absolute path of xml_input_file: e:/Development/OS2018spring-projects-g05/thinpad_top/thinpad_top.srcs/sources_1/ip/mig_ddr3/mig_a.prj
MIG: 16:12:01 : xml_input_file: mig_a.prj
MIG: 16:12:01 : Absolute path of xml_input_file: e:/Development/OS2018spring-projects-g05/thinpad_top/thinpad_top.srcs/sources_1/ip/mig_ddr3/mig_a.prj
MIG: 16:12:01 : In updateAllModelParams
MIG: 16:12:01 : IGN:     <ModuleName>mig_ddr3</ModuleName> <==>     <ModuleName>mig_ddr3</ModuleName> 
MIG: 16:12:01 : IGN:         <InputClkFreq>100</InputClkFreq> <==>         <InputClkFreq>100</InputClkFreq> 
MIG: 16:12:01 : XGUI hdlLanguage: Verilog
MIG: 16:12:01 : xgui vivado_mode: xpg_pa
MIG: 16:12:01 : xgui hdlLanguage: Verilog -- hdlExt: v
MIG: 16:12:01 : Reading E:/Development/OS2018spring-projects-g05/thinpad_top/thinpad_top.srcs/sources_1/ip/mig_ddr3/mig_ddr3/user_design/rtl/mig_ddr3_mig.v ...
MIG: 16:12:03 : 1
MIG: 16:12:03 : Inside fn mem: DDR3
MIG: 16:12:03 : detect_uiclk: 100000000
MIG: 16:12:03 : cntrl:  memtype: DDR3
MIG: 16:12:03 : 800
MIG: 16:12:03 :  MMCM_VCO single ctrl param_name: MMCM_VCO --  possibleMaxVcoVal: 800 
MIG: 16:12:03 : 
MIG: 16:12:03 : 
MIG: 16:12:03 : 100000000
MIG: 16:12:03 : 
MIG: 16:12:03 :  polarity_value: 1
MIG: 16:12:03 : 
MIG: 16:12:03 : 
MIG: 16:12:03 : cntrl:  memtype: DDR3
MIG: 16:12:03 : 
MIG: 16:12:03 :  Valid Param: DDR3_BANK_WIDTH ==> 3
MIG: 16:12:03 : 
MIG: 16:12:03 :  Valid Param: DDR3_CK_WIDTH ==> 1
MIG: 16:12:03 :  Invalid Param: DDR3_COL_WIDTH ==> 10
MIG: 16:12:03 : 
MIG: 16:12:03 :  Valid Param: DDR3_CS_WIDTH ==> 1
MIG: 16:12:03 : 
MIG: 16:12:03 :  Valid Param: DDR3_nCS_PER_RANK ==> 1
MIG: 16:12:03 : 
MIG: 16:12:03 :  Valid Param: DDR3_CKE_WIDTH ==> 1
MIG: 16:12:03 :  Invalid Param: DDR3_DATA_BUF_ADDR_WIDTH ==> 5
MIG: 16:12:03 :  Invalid Param: DDR3_DQ_CNT_WIDTH ==> 4
MIG: 16:12:03 :  Invalid Param: DDR3_DQ_PER_DM ==> 8
MIG: 16:12:03 : 2
MIG: 16:12:03 :  Valid Param: DDR3_DM_WIDTH ==> 2
MIG: 16:12:03 : 16
MIG: 16:12:03 :  Valid Param: DDR3_DQ_WIDTH ==> 16
MIG: 16:12:03 : 2
MIG: 16:12:03 :  Valid Param: DDR3_DQS_WIDTH ==> 2
MIG: 16:12:03 : 
MIG: 16:12:03 :  Valid Param: DDR3_DQS_CNT_WIDTH ==> 1
MIG: 16:12:03 :  Invalid Param: DDR3_DRAM_WIDTH ==> 8
MIG: 16:12:03 : 
MIG: 16:12:03 :  Valid Param: ECC ==> OFF
MIG: 16:12:03 : 16
MIG: 16:12:03 :  Valid Param: DDR3_DATA_WIDTH ==> 16
MIG: 16:12:03 :  Invalid Param: ECC_TEST ==> "OFF"
MIG: 16:12:03 :  Invalid Param: DDR3_PAYLOAD_WIDTH ==> (ECC_TEST == "OFF") ? DATA_WIDTH : DQ_WIDTH
MIG: 16:12:03 :  Invalid Param: DDR3_MEM_ADDR_ORDER ==> "BANK_ROW_COLUMN"
MIG: 16:12:03 :  Invalid Param: DDR3_nBANK_MACHS ==> 4
MIG: 16:12:03 :  Invalid Param: DDR3_RANKS ==> 1
MIG: 16:12:03 : 
MIG: 16:12:03 :  Valid Param: DDR3_ODT_WIDTH ==> 1
MIG: 16:12:03 : 13
MIG: 16:12:03 :  Valid Param: DDR3_ROW_WIDTH ==> 13
MIG: 16:12:03 : 27
MIG: 16:12:03 :  Valid Param: DDR3_ADDR_WIDTH ==> 27
MIG: 16:12:03 : 0
MIG: 16:12:03 :  Valid Param: DDR3_USE_CS_PORT ==> 0
MIG: 16:12:03 : 
MIG: 16:12:03 :  Valid Param: DDR3_USE_DM_PORT ==> 1
MIG: 16:12:03 : 
MIG: 16:12:03 :  Valid Param: DDR3_USE_ODT_PORT ==> 1
MIG: 16:12:03 :  Invalid Param: DDR3_IS_CLK_SHARED ==> "FALSE"
MIG: 16:12:03 :  Invalid Param: DDR3_PHY_CONTROL_MASTER_BANK ==> 0
MIG: 16:12:03 :  Invalid Param: DDR3_MEM_DENSITY ==> "1Gb"
MIG: 16:12:03 :  Invalid Param: DDR3_MEM_SPEEDGRADE ==> "125"
MIG: 16:12:03 :  Invalid Param: DDR3_MEM_DEVICE_WIDTH ==> 16
MIG: 16:12:03 :  Invalid Param: DDR3_AL ==> "0"
MIG: 16:12:03 :  Invalid Param: DDR3_nAL ==> 0
MIG: 16:12:03 :  Invalid Param: DDR3_BURST_MODE ==> "8"
MIG: 16:12:03 :  Invalid Param: DDR3_BURST_TYPE ==> "SEQ"
MIG: 16:12:03 :  Invalid Param: DDR3_CL ==> 6
MIG: 16:12:03 :  Invalid Param: DDR3_CWL ==> 5
MIG: 16:12:03 :  Invalid Param: DDR3_OUTPUT_DRV ==> "HIGH"
MIG: 16:12:03 :  Invalid Param: DDR3_RTT_NOM ==> "60"
MIG: 16:12:03 :  Invalid Param: DDR3_RTT_WR ==> "OFF"
MIG: 16:12:03 :  Invalid Param: DDR3_ADDR_CMD_MODE ==> "1T"
MIG: 16:12:03 : 
MIG: 16:12:03 :  Valid Param: DDR3_REG_CTRL ==> OFF
MIG: 16:12:03 :  Invalid Param: DDR3_CA_MIRROR ==> "OFF"
MIG: 16:12:03 :  Invalid Param: DDR3_VDD_OP_VOLT ==> "150"
MIG: 16:12:03 :  Invalid Param: DDR3_CLKIN_PERIOD ==> 10000
MIG: 16:12:03 :  Invalid Param: DDR3_CLKFBOUT_MULT ==> 8
MIG: 16:12:03 :  Invalid Param: DDR3_DIVCLK_DIVIDE ==> 1
MIG: 16:12:03 :  Invalid Param: DDR3_CLKOUT0_PHASE ==> 0.0
MIG: 16:12:03 :  Invalid Param: DDR3_CLKOUT0_DIVIDE ==> 1
MIG: 16:12:03 :  Invalid Param: DDR3_CLKOUT1_DIVIDE ==> 2
MIG: 16:12:03 :  Invalid Param: DDR3_CLKOUT2_DIVIDE ==> 32
MIG: 16:12:03 :  Invalid Param: DDR3_CLKOUT3_DIVIDE ==> 8
MIG: 16:12:03 :  Invalid Param: DDR3_MMCM_VCO ==> 800
MIG: 16:12:03 :  Invalid Param: DDR3_MMCM_MULT_F ==> 8
MIG: 16:12:03 :  Invalid Param: DDR3_MMCM_DIVCLK_DIVIDE ==> 1
MIG: 16:12:03 :  Invalid Param: DDR3_tCKE ==> 5000
MIG: 16:12:03 :  Invalid Param: DDR3_tFAW ==> 40000
MIG: 16:12:03 :  Invalid Param: DDR3_tPRDI ==> 1_000_000
MIG: 16:12:03 :  Invalid Param: DDR3_tRAS ==> 35000
MIG: 16:12:03 :  Invalid Param: DDR3_tRCD ==> 13750
MIG: 16:12:03 :  Invalid Param: DDR3_tREFI ==> 7800000
MIG: 16:12:03 :  Invalid Param: DDR3_tRFC ==> 110000
MIG: 16:12:03 :  Invalid Param: DDR3_tRP ==> 13750
MIG: 16:12:03 :  Invalid Param: DDR3_tRRD ==> 7500
MIG: 16:12:03 :  Invalid Param: DDR3_tRTP ==> 7500
MIG: 16:12:03 :  Invalid Param: DDR3_tWTR ==> 7500
MIG: 16:12:03 :  Invalid Param: DDR3_tZQI ==> 128_000_000
MIG: 16:12:03 :  Invalid Param: DDR3_tZQCS ==> 64
MIG: 16:12:03 :  Invalid Param: DDR3_SIM_BYPASS_INIT_CAL ==> "OFF"
MIG: 16:12:03 :  Invalid Param: DDR3_SIMULATION ==> "FALSE"
MIG: 16:12:03 :  Invalid Param: DDR3_BYTE_LANES_B0 ==> 4'b1111
MIG: 16:12:03 :  Invalid Param: DDR3_BYTE_LANES_B1 ==> 4'b0000
MIG: 16:12:03 :  Invalid Param: DDR3_BYTE_LANES_B2 ==> 4'b0000
MIG: 16:12:03 :  Invalid Param: DDR3_BYTE_LANES_B3 ==> 4'b0000
MIG: 16:12:03 :  Invalid Param: DDR3_BYTE_LANES_B4 ==> 4'b0000
MIG: 16:12:03 :  Invalid Param: DDR3_DATA_CTL_B0 ==> 4'b0011
MIG: 16:12:03 :  Invalid Param: DDR3_DATA_CTL_B1 ==> 4'b0000
MIG: 16:12:03 :  Invalid Param: DDR3_DATA_CTL_B2 ==> 4'b0000
MIG: 16:12:03 :  Invalid Param: DDR3_DATA_CTL_B3 ==> 4'b0000
MIG: 16:12:03 :  Invalid Param: DDR3_DATA_CTL_B4 ==> 4'b0000
MIG: 16:12:03 :  Invalid Param: DDR3_PHY_0_BITLANES ==> 48'hFFF_FEC_3FE_3FE
MIG: 16:12:03 :  Invalid Param: DDR3_PHY_1_BITLANES ==> 48'h000_000_000_000
MIG: 16:12:03 :  Invalid Param: DDR3_PHY_2_BITLANES ==> 48'h000_000_000_000
MIG: 16:12:03 :  Invalid Param: DDR3_CK_BYTE_MAP ==> 144'h00_00_00_00_00_00_00_00_00_00_00_00_00_00_00_00_00_02
MIG: 16:12:03 :  Invalid Param: DDR3_ADDR_MAP ==> 192'h000_000_000_030_031_032_033_034_035_03A_03B_036_037_038_039_022
MIG: 16:12:03 :  Invalid Param: DDR3_BANK_MAP ==> 36'h027_028_029
MIG: 16:12:03 :  Invalid Param: DDR3_CAS_MAP ==> 12'h02A
MIG: 16:12:03 :  Invalid Param: DDR3_CKE_ODT_BYTE_MAP ==> 8'h00
MIG: 16:12:03 :  Invalid Param: DDR3_CKE_MAP ==> 96'h000_000_000_000_000_000_000_026
MIG: 16:12:03 :  Invalid Param: DDR3_ODT_MAP ==> 96'h000_000_000_000_000_000_000_023
MIG: 16:12:03 :  Invalid Param: DDR3_CS_MAP ==> 120'h000_000_000_000_000_000_000_000_000_000
MIG: 16:12:03 :  Invalid Param: DDR3_PARITY_MAP ==> 12'h000
MIG: 16:12:03 :  Invalid Param: DDR3_RAS_MAP ==> 12'h02B
MIG: 16:12:03 :  Invalid Param: DDR3_WE_MAP ==> 12'h025
MIG: 16:12:03 :  Invalid Param: DDR3_DQS_BYTE_MAP ==> 144'h00_00_00_00_00_00_00_00_00_00_00_00_00_00_00_00_00_01
MIG: 16:12:03 :  Invalid Param: DDR3_DATA0_MAP ==> 96'h013_018_014_016_012_019_015_017
MIG: 16:12:03 :  Invalid Param: DDR3_DATA1_MAP ==> 96'h007_003_005_006_004_008_002_009
MIG: 16:12:03 :  Invalid Param: DDR3_DATA2_MAP ==> 96'h000_000_000_000_000_000_000_000
MIG: 16:12:03 :  Invalid Param: DDR3_DATA3_MAP ==> 96'h000_000_000_000_000_000_000_000
MIG: 16:12:03 :  Invalid Param: DDR3_DATA4_MAP ==> 96'h000_000_000_000_000_000_000_000
MIG: 16:12:03 :  Invalid Param: DDR3_DATA5_MAP ==> 96'h000_000_000_000_000_000_000_000
MIG: 16:12:03 :  Invalid Param: DDR3_DATA6_MAP ==> 96'h000_000_000_000_000_000_000_000
MIG: 16:12:03 :  Invalid Param: DDR3_DATA7_MAP ==> 96'h000_000_000_000_000_000_000_000
MIG: 16:12:03 :  Invalid Param: DDR3_DATA8_MAP ==> 96'h000_000_000_000_000_000_000_000
MIG: 16:12:03 :  Invalid Param: DDR3_DATA9_MAP ==> 96'h000_000_000_000_000_000_000_000
MIG: 16:12:03 :  Invalid Param: DDR3_DATA10_MAP ==> 96'h000_000_000_000_000_000_000_000
MIG: 16:12:03 :  Invalid Param: DDR3_DATA11_MAP ==> 96'h000_000_000_000_000_000_000_000
MIG: 16:12:04 :  Invalid Param: DDR3_DATA12_MAP ==> 96'h000_000_000_000_000_000_000_000
MIG: 16:12:04 :  Invalid Param: DDR3_DATA13_MAP ==> 96'h000_000_000_000_000_000_000_000
MIG: 16:12:04 :  Invalid Param: DDR3_DATA14_MAP ==> 96'h000_000_000_000_000_000_000_000
MIG: 16:12:04 :  Invalid Param: DDR3_DATA15_MAP ==> 96'h000_000_000_000_000_000_000_000
MIG: 16:12:04 :  Invalid Param: DDR3_DATA16_MAP ==> 96'h000_000_000_000_000_000_000_000
MIG: 16:12:04 :  Invalid Param: DDR3_DATA17_MAP ==> 96'h000_000_000_000_000_000_000_000
MIG: 16:12:04 :  Invalid Param: DDR3_MASK0_MAP ==> 108'h000_000_000_000_000_000_000_001_011
MIG: 16:12:04 :  Invalid Param: DDR3_MASK1_MAP ==> 108'h000_000_000_000_000_000_000_000_000
MIG: 16:12:04 :  Invalid Param: DDR3_SLOT_0_CONFIG ==> 8'b0000_0001
MIG: 16:12:04 :  Invalid Param: DDR3_SLOT_1_CONFIG ==> 8'b0000_0000
MIG: 16:12:04 :  Invalid Param: DDR3_IBUF_LPWR_MODE ==> "OFF"
MIG: 16:12:04 :  Invalid Param: DDR3_DATA_IO_IDLE_PWRDWN ==> "OFF"
MIG: 16:12:04 :  Invalid Param: DDR3_BANK_TYPE ==> "HR_IO"
MIG: 16:12:04 :  Invalid Param: DDR3_DATA_IO_PRIM_TYPE ==> "DEFAULT"
MIG: 16:12:04 :  Invalid Param: DDR3_CKE_ODT_AUX ==> "FALSE"
MIG: 16:12:04 :  Invalid Param: DDR3_USER_REFRESH ==> "OFF"
MIG: 16:12:04 :  Invalid Param: DDR3_WRLVL ==> "ON"
MIG: 16:12:04 :  Invalid Param: DDR3_ORDERING ==> "STRICT"
MIG: 16:12:04 :  Invalid Param: DDR3_CALIB_ROW_ADD ==> 16'h0000
MIG: 16:12:04 :  Invalid Param: DDR3_CALIB_COL_ADD ==> 12'h000
MIG: 16:12:04 :  Invalid Param: DDR3_CALIB_BA_ADD ==> 3'h0
MIG: 16:12:04 :  Invalid Param: DDR3_TCQ ==> 100
MIG: 16:12:04 :  Invalid Param: DDR3_IDELAY_ADJ ==> "OFF"
MIG: 16:12:04 :  Invalid Param: DDR3_FINE_PER_BIT ==> "OFF"
MIG: 16:12:04 :  Invalid Param: DDR3_CENTER_COMP_MODE ==> "OFF"
MIG: 16:12:04 :  Invalid Param: DDR3_PI_VAL_ADJ ==> "OFF"
MIG: 16:12:04 :  Invalid Param: DDR3_IODELAY_GRP0 ==> "MIG_DDR3_IODELAY_MIG0"
MIG: 16:12:04 :  Invalid Param: DDR3_IODELAY_GRP1 ==> "MIG_DDR3_IODELAY_MIG1"
MIG: 16:12:04 :  Invalid Param: DDR3_SYSCLK_TYPE ==> "NO_BUFFER"
MIG: 16:12:04 :  Invalid Param: DDR3_REFCLK_TYPE ==> "NO_BUFFER"
MIG: 16:12:04 :  Invalid Param: DDR3_SYS_RST_PORT ==> "FALSE"
MIG: 16:12:04 :  Invalid Param: DDR3_FPGA_SPEED_GRADE ==> 2
MIG: 16:12:04 :  Invalid Param: DDR3_CMD_PIPE_PLUS1 ==> "ON"
MIG: 16:12:04 :  Invalid Param: DDR3_DRAM_TYPE ==> "DDR3"
MIG: 16:12:04 :  Invalid Param: DDR3_CAL_WIDTH ==> "HALF"
MIG: 16:12:04 :  Invalid Param: DDR3_STARVE_LIMIT ==> 2
MIG: 16:12:04 :  Invalid Param: DDR3_REF_CLK_MMCM_IODELAY_CTRL ==> "FALSE"
MIG: 16:12:04 :  Invalid Param: DDR3_REFCLK_FREQ ==> 200.0
MIG: 16:12:04 :  Invalid Param: DDR3_DIFF_TERM_REFCLK ==> "TRUE"
MIG: 16:12:04 :  Invalid Param: DDR3_tCK ==> 2500
MIG: 16:12:04 : 4
MIG: 16:12:04 :  Valid Param: DDR3_nCK_PER_CLK ==> 4
MIG: 16:12:04 :  Invalid Param: DDR3_DIFF_TERM_SYSCLK ==> "TRUE"
MIG: 16:12:04 : 
MIG: 16:12:04 :  Valid Param: DDR3_DEBUG_PORT ==> OFF
MIG: 16:12:04 : 
MIG: 16:12:04 :  Invalid Param: DDR3_TEMP_MON_CONTROL ==> "INTERNAL"
MIG: 16:12:04 :  Invalid Param: DDR3_FPGA_VOLT_TYPE ==> "N"
MIG: 16:12:04 :  Invalid Param: DDR3_RST_ACT_LOW ==> 1
MIG: 16:12:04 : NOBUF
MIG: 16:12:04 : NOBUF
MIG: 16:12:04 : 
MIG: 16:12:04 : Same Interface
MIG: 16:14:34 : Running synthesis.xit
MIG: 16:14:34 : IGN:     <ModuleName>mig_ddr3</ModuleName> <==>     <ModuleName>mig_ddr3</ModuleName> 
MIG: 16:14:34 : IGN:         <InputClkFreq>100</InputClkFreq> <==>         <InputClkFreq>100</InputClkFreq> 
MIG: 16:14:35 : Running vlog_synth_rpr.xit
MIG: 16:14:35 : IGN:     <ModuleName>mig_ddr3</ModuleName> <==>     <ModuleName>mig_ddr3</ModuleName> 
MIG: 16:14:35 : IGN:         <InputClkFreq>100</InputClkFreq> <==>         <InputClkFreq>100</InputClkFreq> 
MIG: 16:14:35 : Running simulation.xit
MIG: 16:14:35 : IGN:     <ModuleName>mig_ddr3</ModuleName> <==>     <ModuleName>mig_ddr3</ModuleName> 
MIG: 16:14:35 : IGN:         <InputClkFreq>100</InputClkFreq> <==>         <InputClkFreq>100</InputClkFreq> 
MIG: 16:14:36 : Running vlog_sim_rpr.xit .. PRASAD DBG1
MIG: 16:14:36 : IGN:     <ModuleName>mig_ddr3</ModuleName> <==>     <ModuleName>mig_ddr3</ModuleName> 
MIG: 16:14:36 : IGN:         <InputClkFreq>100</InputClkFreq> <==>         <InputClkFreq>100</InputClkFreq> 
MIG: 16:14:36 : Running implementation.xit
MIG: 16:14:36 : IGN:     <ModuleName>mig_ddr3</ModuleName> <==>     <ModuleName>mig_ddr3</ModuleName> 
MIG: 16:14:36 : IGN:         <InputClkFreq>100</InputClkFreq> <==>         <InputClkFreq>100</InputClkFreq> 
MIG: 16:38:30 : xml_input_file: mig_a.prj
MIG: 16:38:30 : Absolute path of xml_input_file: e:/Development/OS2018spring-projects-g05/thinpad_top/thinpad_top.srcs/sources_1/ip/mig_ddr3/mig_a.prj
MIG: 16:38:30 : xml_input_file: mig_a.prj
MIG: 16:38:30 : Absolute path of xml_input_file: e:/Development/OS2018spring-projects-g05/thinpad_top/thinpad_top.srcs/sources_1/ip/mig_ddr3/mig_a.prj
MIG: 16:38:32 : Running customizer.xit
MIG: 16:38:32 : ################# RUNNING MIG INTERACTIVE ###################
MIG: 16:38:32 : Writing IN file for 'mig_ddr3'...compDirPath: d:/Xilinx/Vivado/2017.2/data/ip/xilinx/mig_7series_v4_0... instDirPath: c:/Users/xmyzC/AppData/Roaming/Xilinx/Vivado/.Xil/Vivado-3896-DESKTOP-RJNJ8R0/coregen/mig_ddr3
MIG: 16:38:32 : synp_flow:  -- synthesis_mode: Other
MIG: 16:38:32 : outputDirectory: c:/Users/xmyzC/AppData/Roaming/Xilinx/Vivado/.Xil/Vivado-3896-DESKTOP-RJNJ8R0/coregen/mig_ddr3/_tmp/
MIG: 16:38:32 : vivado_mode: xpg_pa
MIG: 16:38:32 :  locked false  
MIG: 16:38:32 : HDL Language: Verilog
MIG: 16:38:32 : compInfo: false
MIG: 16:38:32 : Vivado Options xc7a200t fbg676 -2
MIG: 16:38:32 : 1: xc7a200t 2: fbg676 3: -2
MIG: 16:38:32 : relative mig path: coregen/ip/xilinx/other/com/xilinx/ip/mig_7series_v4_0/bin/nt64/mig.exe
MIG: 16:38:32 : xilinx_path: D:/Xilinx/Vivado/2017.2/ids_lite/ISE
MIG: 16:38:32 : I am in catch area
MIG: 16:38:32 : Running D:/Xilinx/Vivado/2017.2/ids_lite/ISE/coregen/ip/xilinx/other/com/xilinx/ip/mig_7series_v4_0/bin/nt64/mig.exe -cg_exc_inp c:/Users/xmyzC/AppData/Roaming/Xilinx/Vivado/.Xil/Vivado-3896-DESKTOP-RJNJ8R0/coregen/mig_ddr3/xil_txt.in -cg_exc_out c:/Users/xmyzC/AppData/Roaming/Xilinx/Vivado/.Xil/Vivado-3896-DESKTOP-RJNJ8R0/coregen/mig_ddr3/xil_txt.out ... 
MIG: 16:40:44 : Prasad before: xmlPropertyPrj -- mig_a.prj
MIG: 16:40:44 : Prasad After: xmlPropertyPrj -- mig_b.prj
MIG: 16:40:44 : XML_INPUT_FILE: c:/Users/xmyzC/AppData/Roaming/Xilinx/Vivado/.Xil/Vivado-3896-DESKTOP-RJNJ8R0/coregen/mig_ddr3/mig_b.prj
MIG: 16:40:44 : Component_Name: mig_ddr3
MIG: 16:40:44 : Moving mig_ddr3 ...
MIG: 16:40:44 : Moving mig_ddr3.veo ...
MIG: 16:40:44 : Moving mig_ddr3_xmdf.tcl ...
MIG: 16:40:44 : Sending back 0
MIG: 16:40:46 : xml_input_file: mig_b.prj
MIG: 16:40:46 : Absolute path of xml_input_file: e:/Development/OS2018spring-projects-g05/thinpad_top/thinpad_top.srcs/sources_1/ip/mig_ddr3/mig_b.prj
MIG: 16:40:46 : xml_input_file: mig_b.prj
MIG: 16:40:46 : Absolute path of xml_input_file: e:/Development/OS2018spring-projects-g05/thinpad_top/thinpad_top.srcs/sources_1/ip/mig_ddr3/mig_b.prj
MIG: 16:40:46 : In updateAllModelParams
MIG: 16:40:46 : IGN:     <ModuleName>mig_ddr3</ModuleName> <==>     <ModuleName>mig_ddr3</ModuleName> 
MIG: 16:40:46 : IGN:         <InputClkFreq>100</InputClkFreq> <==>         <InputClkFreq>100</InputClkFreq> 
MIG: 16:40:46 : XGUI hdlLanguage: Verilog
MIG: 16:40:46 : xgui vivado_mode: xpg_pa
MIG: 16:40:46 : xgui hdlLanguage: Verilog -- hdlExt: v
MIG: 16:40:46 : Reading E:/Development/OS2018spring-projects-g05/thinpad_top/thinpad_top.srcs/sources_1/ip/mig_ddr3/mig_ddr3/user_design/rtl/mig_ddr3_mig.v ...
MIG: 16:40:47 : 
MIG: 16:40:47 : Inside fn mem: DDR3
MIG: 16:40:47 : detect_uiclk: 100000000
MIG: 16:40:47 : cntrl:  memtype: DDR3
MIG: 16:40:47 : 
MIG: 16:40:47 :  MMCM_VCO single ctrl param_name: MMCM_VCO --  possibleMaxVcoVal: 800 
MIG: 16:40:47 : 
MIG: 16:40:47 : 1
MIG: 16:40:47 : 
MIG: 16:40:47 : 
MIG: 16:40:47 :  polarity_value: 1
MIG: 16:40:47 : 
MIG: 16:40:47 : 
MIG: 16:40:48 : cntrl:  memtype: DDR3
MIG: 16:40:48 : 
MIG: 16:40:48 :  Valid Param: DDR3_BANK_WIDTH ==> 3
MIG: 16:40:48 : 
MIG: 16:40:48 :  Valid Param: DDR3_CK_WIDTH ==> 1
MIG: 16:40:48 :  Invalid Param: DDR3_COL_WIDTH ==> 10
MIG: 16:40:48 : 
MIG: 16:40:48 :  Valid Param: DDR3_CS_WIDTH ==> 1
MIG: 16:40:48 : 
MIG: 16:40:48 :  Valid Param: DDR3_nCS_PER_RANK ==> 1
MIG: 16:40:48 : 
MIG: 16:40:48 :  Valid Param: DDR3_CKE_WIDTH ==> 1
MIG: 16:40:48 :  Invalid Param: DDR3_DATA_BUF_ADDR_WIDTH ==> 5
MIG: 16:40:48 :  Invalid Param: DDR3_DQ_CNT_WIDTH ==> 4
MIG: 16:40:48 :  Invalid Param: DDR3_DQ_PER_DM ==> 8
MIG: 16:40:48 : 
MIG: 16:40:48 :  Valid Param: DDR3_DM_WIDTH ==> 2
MIG: 16:40:48 : 
MIG: 16:40:48 :  Valid Param: DDR3_DQ_WIDTH ==> 16
MIG: 16:40:48 : 
MIG: 16:40:48 :  Valid Param: DDR3_DQS_WIDTH ==> 2
MIG: 16:40:48 : 
MIG: 16:40:48 :  Valid Param: DDR3_DQS_CNT_WIDTH ==> 1
MIG: 16:40:48 :  Invalid Param: DDR3_DRAM_WIDTH ==> 8
MIG: 16:40:48 : 
MIG: 16:40:48 :  Valid Param: ECC ==> OFF
MIG: 16:40:48 : 
MIG: 16:40:48 :  Valid Param: DDR3_DATA_WIDTH ==> 16
MIG: 16:40:48 :  Invalid Param: ECC_TEST ==> "OFF"
MIG: 16:40:48 :  Invalid Param: DDR3_PAYLOAD_WIDTH ==> (ECC_TEST == "OFF") ? DATA_WIDTH : DQ_WIDTH
MIG: 16:40:48 :  Invalid Param: DDR3_MEM_ADDR_ORDER ==> "BANK_ROW_COLUMN"
MIG: 16:40:48 :  Invalid Param: DDR3_nBANK_MACHS ==> 4
MIG: 16:40:48 :  Invalid Param: DDR3_RANKS ==> 1
MIG: 16:40:48 : 
MIG: 16:40:48 :  Valid Param: DDR3_ODT_WIDTH ==> 1
MIG: 16:40:48 : 
MIG: 16:40:48 :  Valid Param: DDR3_ROW_WIDTH ==> 13
MIG: 16:40:48 : 
MIG: 16:40:48 :  Valid Param: DDR3_ADDR_WIDTH ==> 27
MIG: 16:40:48 : 
MIG: 16:40:48 :  Valid Param: DDR3_USE_CS_PORT ==> 0
MIG: 16:40:48 : 
MIG: 16:40:48 :  Valid Param: DDR3_USE_DM_PORT ==> 1
MIG: 16:40:48 : 
MIG: 16:40:48 :  Valid Param: DDR3_USE_ODT_PORT ==> 1
MIG: 16:40:48 :  Invalid Param: DDR3_IS_CLK_SHARED ==> "FALSE"
MIG: 16:40:48 :  Invalid Param: DDR3_PHY_CONTROL_MASTER_BANK ==> 0
MIG: 16:40:48 :  Invalid Param: DDR3_MEM_DENSITY ==> "1Gb"
MIG: 16:40:48 :  Invalid Param: DDR3_MEM_SPEEDGRADE ==> "125"
MIG: 16:40:48 :  Invalid Param: DDR3_MEM_DEVICE_WIDTH ==> 16
MIG: 16:40:48 :  Invalid Param: DDR3_AL ==> "0"
MIG: 16:40:48 :  Invalid Param: DDR3_nAL ==> 0
MIG: 16:40:48 :  Invalid Param: DDR3_BURST_MODE ==> "8"
MIG: 16:40:48 :  Invalid Param: DDR3_BURST_TYPE ==> "SEQ"
MIG: 16:40:48 :  Invalid Param: DDR3_CL ==> 6
MIG: 16:40:48 :  Invalid Param: DDR3_CWL ==> 5
MIG: 16:40:48 :  Invalid Param: DDR3_OUTPUT_DRV ==> "HIGH"
MIG: 16:40:48 :  Invalid Param: DDR3_RTT_NOM ==> "60"
MIG: 16:40:48 :  Invalid Param: DDR3_RTT_WR ==> "OFF"
MIG: 16:40:48 :  Invalid Param: DDR3_ADDR_CMD_MODE ==> "1T"
MIG: 16:40:48 : 
MIG: 16:40:48 :  Valid Param: DDR3_REG_CTRL ==> OFF
MIG: 16:40:48 :  Invalid Param: DDR3_CA_MIRROR ==> "OFF"
MIG: 16:40:48 :  Invalid Param: DDR3_VDD_OP_VOLT ==> "150"
MIG: 16:40:48 :  Invalid Param: DDR3_CLKIN_PERIOD ==> 10000
MIG: 16:40:48 :  Invalid Param: DDR3_CLKFBOUT_MULT ==> 8
MIG: 16:40:48 :  Invalid Param: DDR3_DIVCLK_DIVIDE ==> 1
MIG: 16:40:48 :  Invalid Param: DDR3_CLKOUT0_PHASE ==> 0.0
MIG: 16:40:48 :  Invalid Param: DDR3_CLKOUT0_DIVIDE ==> 1
MIG: 16:40:48 :  Invalid Param: DDR3_CLKOUT1_DIVIDE ==> 2
MIG: 16:40:48 :  Invalid Param: DDR3_CLKOUT2_DIVIDE ==> 32
MIG: 16:40:48 :  Invalid Param: DDR3_CLKOUT3_DIVIDE ==> 8
MIG: 16:40:48 :  Invalid Param: DDR3_MMCM_VCO ==> 800
MIG: 16:40:48 :  Invalid Param: DDR3_MMCM_MULT_F ==> 8
MIG: 16:40:48 :  Invalid Param: DDR3_MMCM_DIVCLK_DIVIDE ==> 1
MIG: 16:40:48 :  Invalid Param: DDR3_tCKE ==> 5000
MIG: 16:40:48 :  Invalid Param: DDR3_tFAW ==> 40000
MIG: 16:40:48 :  Invalid Param: DDR3_tPRDI ==> 1_000_000
MIG: 16:40:48 :  Invalid Param: DDR3_tRAS ==> 35000
MIG: 16:40:48 :  Invalid Param: DDR3_tRCD ==> 13750
MIG: 16:40:48 :  Invalid Param: DDR3_tREFI ==> 7800000
MIG: 16:40:48 :  Invalid Param: DDR3_tRFC ==> 110000
MIG: 16:40:48 :  Invalid Param: DDR3_tRP ==> 13750
MIG: 16:40:48 :  Invalid Param: DDR3_tRRD ==> 7500
MIG: 16:40:48 :  Invalid Param: DDR3_tRTP ==> 7500
MIG: 16:40:48 :  Invalid Param: DDR3_tWTR ==> 7500
MIG: 16:40:48 :  Invalid Param: DDR3_tZQI ==> 128_000_000
MIG: 16:40:48 :  Invalid Param: DDR3_tZQCS ==> 64
MIG: 16:40:48 :  Invalid Param: DDR3_SIM_BYPASS_INIT_CAL ==> "OFF"
MIG: 16:40:48 :  Invalid Param: DDR3_SIMULATION ==> "FALSE"
MIG: 16:40:48 :  Invalid Param: DDR3_BYTE_LANES_B0 ==> 4'b1111
MIG: 16:40:48 :  Invalid Param: DDR3_BYTE_LANES_B1 ==> 4'b0000
MIG: 16:40:48 :  Invalid Param: DDR3_BYTE_LANES_B2 ==> 4'b0000
MIG: 16:40:48 :  Invalid Param: DDR3_BYTE_LANES_B3 ==> 4'b0000
MIG: 16:40:48 :  Invalid Param: DDR3_BYTE_LANES_B4 ==> 4'b0000
MIG: 16:40:48 :  Invalid Param: DDR3_DATA_CTL_B0 ==> 4'b0011
MIG: 16:40:48 :  Invalid Param: DDR3_DATA_CTL_B1 ==> 4'b0000
MIG: 16:40:48 :  Invalid Param: DDR3_DATA_CTL_B2 ==> 4'b0000
MIG: 16:40:48 :  Invalid Param: DDR3_DATA_CTL_B3 ==> 4'b0000
MIG: 16:40:48 :  Invalid Param: DDR3_DATA_CTL_B4 ==> 4'b0000
MIG: 16:40:48 :  Invalid Param: DDR3_PHY_0_BITLANES ==> 48'hFFF_FEC_3FE_3FE
MIG: 16:40:48 :  Invalid Param: DDR3_PHY_1_BITLANES ==> 48'h000_000_000_000
MIG: 16:40:48 :  Invalid Param: DDR3_PHY_2_BITLANES ==> 48'h000_000_000_000
MIG: 16:40:48 :  Invalid Param: DDR3_CK_BYTE_MAP ==> 144'h00_00_00_00_00_00_00_00_00_00_00_00_00_00_00_00_00_02
MIG: 16:40:48 :  Invalid Param: DDR3_ADDR_MAP ==> 192'h000_000_000_030_031_032_033_034_035_03A_03B_036_037_038_039_022
MIG: 16:40:48 :  Invalid Param: DDR3_BANK_MAP ==> 36'h027_028_029
MIG: 16:40:48 :  Invalid Param: DDR3_CAS_MAP ==> 12'h02A
MIG: 16:40:48 :  Invalid Param: DDR3_CKE_ODT_BYTE_MAP ==> 8'h00
MIG: 16:40:48 :  Invalid Param: DDR3_CKE_MAP ==> 96'h000_000_000_000_000_000_000_026
MIG: 16:40:48 :  Invalid Param: DDR3_ODT_MAP ==> 96'h000_000_000_000_000_000_000_023
MIG: 16:40:48 :  Invalid Param: DDR3_CS_MAP ==> 120'h000_000_000_000_000_000_000_000_000_000
MIG: 16:40:48 :  Invalid Param: DDR3_PARITY_MAP ==> 12'h000
MIG: 16:40:48 :  Invalid Param: DDR3_RAS_MAP ==> 12'h02B
MIG: 16:40:48 :  Invalid Param: DDR3_WE_MAP ==> 12'h025
MIG: 16:40:48 :  Invalid Param: DDR3_DQS_BYTE_MAP ==> 144'h00_00_00_00_00_00_00_00_00_00_00_00_00_00_00_00_00_01
MIG: 16:40:48 :  Invalid Param: DDR3_DATA0_MAP ==> 96'h013_018_014_016_012_019_015_017
MIG: 16:40:48 :  Invalid Param: DDR3_DATA1_MAP ==> 96'h007_003_005_006_004_008_002_009
MIG: 16:40:48 :  Invalid Param: DDR3_DATA2_MAP ==> 96'h000_000_000_000_000_000_000_000
MIG: 16:40:49 :  Invalid Param: DDR3_DATA3_MAP ==> 96'h000_000_000_000_000_000_000_000
MIG: 16:40:49 :  Invalid Param: DDR3_DATA4_MAP ==> 96'h000_000_000_000_000_000_000_000
MIG: 16:40:49 :  Invalid Param: DDR3_DATA5_MAP ==> 96'h000_000_000_000_000_000_000_000
MIG: 16:40:49 :  Invalid Param: DDR3_DATA6_MAP ==> 96'h000_000_000_000_000_000_000_000
MIG: 16:40:49 :  Invalid Param: DDR3_DATA7_MAP ==> 96'h000_000_000_000_000_000_000_000
MIG: 16:40:49 :  Invalid Param: DDR3_DATA8_MAP ==> 96'h000_000_000_000_000_000_000_000
MIG: 16:40:49 :  Invalid Param: DDR3_DATA9_MAP ==> 96'h000_000_000_000_000_000_000_000
MIG: 16:40:49 :  Invalid Param: DDR3_DATA10_MAP ==> 96'h000_000_000_000_000_000_000_000
MIG: 16:40:49 :  Invalid Param: DDR3_DATA11_MAP ==> 96'h000_000_000_000_000_000_000_000
MIG: 16:40:49 :  Invalid Param: DDR3_DATA12_MAP ==> 96'h000_000_000_000_000_000_000_000
MIG: 16:40:49 :  Invalid Param: DDR3_DATA13_MAP ==> 96'h000_000_000_000_000_000_000_000
MIG: 16:40:49 :  Invalid Param: DDR3_DATA14_MAP ==> 96'h000_000_000_000_000_000_000_000
MIG: 16:40:49 :  Invalid Param: DDR3_DATA15_MAP ==> 96'h000_000_000_000_000_000_000_000
MIG: 16:40:49 :  Invalid Param: DDR3_DATA16_MAP ==> 96'h000_000_000_000_000_000_000_000
MIG: 16:40:49 :  Invalid Param: DDR3_DATA17_MAP ==> 96'h000_000_000_000_000_000_000_000
MIG: 16:40:49 :  Invalid Param: DDR3_MASK0_MAP ==> 108'h000_000_000_000_000_000_000_001_011
MIG: 16:40:49 :  Invalid Param: DDR3_MASK1_MAP ==> 108'h000_000_000_000_000_000_000_000_000
MIG: 16:40:49 :  Invalid Param: DDR3_SLOT_0_CONFIG ==> 8'b0000_0001
MIG: 16:40:49 :  Invalid Param: DDR3_SLOT_1_CONFIG ==> 8'b0000_0000
MIG: 16:40:49 :  Invalid Param: DDR3_IBUF_LPWR_MODE ==> "OFF"
MIG: 16:40:49 :  Invalid Param: DDR3_DATA_IO_IDLE_PWRDWN ==> "OFF"
MIG: 16:40:49 :  Invalid Param: DDR3_BANK_TYPE ==> "HR_IO"
MIG: 16:40:49 :  Invalid Param: DDR3_DATA_IO_PRIM_TYPE ==> "DEFAULT"
MIG: 16:40:49 :  Invalid Param: DDR3_CKE_ODT_AUX ==> "FALSE"
MIG: 16:40:49 :  Invalid Param: DDR3_USER_REFRESH ==> "OFF"
MIG: 16:40:49 :  Invalid Param: DDR3_WRLVL ==> "ON"
MIG: 16:40:49 :  Invalid Param: DDR3_ORDERING ==> "STRICT"
MIG: 16:40:49 :  Invalid Param: DDR3_CALIB_ROW_ADD ==> 16'h0000
MIG: 16:40:49 :  Invalid Param: DDR3_CALIB_COL_ADD ==> 12'h000
MIG: 16:40:49 :  Invalid Param: DDR3_CALIB_BA_ADD ==> 3'h0
MIG: 16:40:49 :  Invalid Param: DDR3_TCQ ==> 100
MIG: 16:40:49 :  Invalid Param: DDR3_IDELAY_ADJ ==> "OFF"
MIG: 16:40:49 :  Invalid Param: DDR3_FINE_PER_BIT ==> "OFF"
MIG: 16:40:49 :  Invalid Param: DDR3_CENTER_COMP_MODE ==> "OFF"
MIG: 16:40:49 :  Invalid Param: DDR3_PI_VAL_ADJ ==> "OFF"
MIG: 16:40:49 :  Invalid Param: DDR3_IODELAY_GRP0 ==> "MIG_DDR3_IODELAY_MIG0"
MIG: 16:40:49 :  Invalid Param: DDR3_IODELAY_GRP1 ==> "MIG_DDR3_IODELAY_MIG1"
MIG: 16:40:49 :  Invalid Param: DDR3_SYSCLK_TYPE ==> "NO_BUFFER"
MIG: 16:40:49 :  Invalid Param: DDR3_REFCLK_TYPE ==> "NO_BUFFER"
MIG: 16:40:49 :  Invalid Param: DDR3_SYS_RST_PORT ==> "FALSE"
MIG: 16:40:49 :  Invalid Param: DDR3_FPGA_SPEED_GRADE ==> 2
MIG: 16:40:49 :  Invalid Param: DDR3_CMD_PIPE_PLUS1 ==> "ON"
MIG: 16:40:49 :  Invalid Param: DDR3_DRAM_TYPE ==> "DDR3"
MIG: 16:40:49 :  Invalid Param: DDR3_CAL_WIDTH ==> "HALF"
MIG: 16:40:49 :  Invalid Param: DDR3_STARVE_LIMIT ==> 2
MIG: 16:40:49 :  Invalid Param: DDR3_REF_CLK_MMCM_IODELAY_CTRL ==> "FALSE"
MIG: 16:40:49 :  Invalid Param: DDR3_REFCLK_FREQ ==> 200.0
MIG: 16:40:49 :  Invalid Param: DDR3_DIFF_TERM_REFCLK ==> "TRUE"
MIG: 16:40:49 :  Invalid Param: DDR3_tCK ==> 2500
MIG: 16:40:49 : 
MIG: 16:40:49 :  Valid Param: DDR3_nCK_PER_CLK ==> 4
MIG: 16:40:49 :  Invalid Param: DDR3_DIFF_TERM_SYSCLK ==> "TRUE"
MIG: 16:40:49 : 
MIG: 16:40:49 :  Valid Param: UI_EXTRA_CLOCKS ==> FALSE
MIG: 16:40:49 : 8
MIG: 16:40:49 :  Valid Param: C_S_AXI_ID_WIDTH ==> 8
MIG: 16:40:49 : 134217728
MIG: 16:40:49 :  Valid Param: C_S_AXI_MEM_SIZE ==> 134217728
MIG: 16:40:49 : 27
MIG: 16:40:49 :  Valid Param: C_S_AXI_ADDR_WIDTH ==> 27
MIG: 16:40:49 : 
MIG: 16:40:49 :  Valid Param: C_S_AXI_DATA_WIDTH ==> 32
MIG: 16:40:49 :  Invalid Param: DDR3_C_MC_nCK_PER_CLK ==> 4
MIG: 16:40:49 :  Invalid Param: C_S_AXI_SUPPORTS_NARROW_BURST ==> 0
MIG: 16:40:49 :  Invalid Param: DDR3_C_RD_WR_ARB_ALGORITHM ==> "RD_PRI_REG"
MIG: 16:40:49 :  Invalid Param: C_S_AXI_REG_EN0 ==> 20'h00000
MIG: 16:40:49 :  Invalid Param: C_S_AXI_REG_EN1 ==> 20'h00000
MIG: 16:40:49 : 
MIG: 16:40:49 :  Valid Param: C_S_AXI_CTRL_ADDR_WIDTH ==> 32
MIG: 16:40:49 : 
MIG: 16:40:49 :  Valid Param: C_S_AXI_CTRL_DATA_WIDTH ==> 32
MIG: 16:40:49 :  Invalid Param: C_S_AXI_BASEADDR ==> 32'h0000_0000
MIG: 16:40:49 :  Invalid Param: C_ECC_ONOFF_RESET_VALUE ==> 1
MIG: 16:40:49 :  Invalid Param: C_ECC_CE_COUNTER_WIDTH ==> 8
MIG: 16:40:49 : 
MIG: 16:40:49 :  Valid Param: DDR3_DEBUG_PORT ==> OFF
MIG: 16:40:49 : 
MIG: 16:40:49 :  Invalid Param: DDR3_TEMP_MON_CONTROL ==> "INTERNAL"
MIG: 16:40:49 :  Invalid Param: DDR3_FPGA_VOLT_TYPE ==> "N"
MIG: 16:40:49 :  Invalid Param: DDR3_RST_ACT_LOW ==> 1
MIG: 16:40:49 : 
MIG: 16:40:49 : 
MIG: 16:40:49 : 
MIG: 16:40:49 : Same Interface
MIG: 16:41:04 : Running synthesis.xit
MIG: 16:41:04 : IGN:     <ModuleName>mig_ddr3</ModuleName> <==>     <ModuleName>mig_ddr3</ModuleName> 
MIG: 16:41:04 : IGN:         <InputClkFreq>100</InputClkFreq> <==>         <InputClkFreq>100</InputClkFreq> 
MIG: 16:41:05 : Running vlog_synth_rpr.xit
MIG: 16:41:05 : IGN:     <ModuleName>mig_ddr3</ModuleName> <==>     <ModuleName>mig_ddr3</ModuleName> 
MIG: 16:41:05 : IGN:         <InputClkFreq>100</InputClkFreq> <==>         <InputClkFreq>100</InputClkFreq> 
MIG: 16:41:05 : Running simulation.xit
MIG: 16:41:05 : IGN:     <ModuleName>mig_ddr3</ModuleName> <==>     <ModuleName>mig_ddr3</ModuleName> 
MIG: 16:41:05 : IGN:         <InputClkFreq>100</InputClkFreq> <==>         <InputClkFreq>100</InputClkFreq> 
MIG: 16:41:05 : Running vlog_sim_rpr.xit .. PRASAD DBG1
MIG: 16:41:05 : IGN:     <ModuleName>mig_ddr3</ModuleName> <==>     <ModuleName>mig_ddr3</ModuleName> 
MIG: 16:41:05 : IGN:         <InputClkFreq>100</InputClkFreq> <==>         <InputClkFreq>100</InputClkFreq> 
MIG: 16:41:06 : Running implementation.xit
MIG: 16:41:06 : IGN:     <ModuleName>mig_ddr3</ModuleName> <==>     <ModuleName>mig_ddr3</ModuleName> 
MIG: 16:41:06 : IGN:         <InputClkFreq>100</InputClkFreq> <==>         <InputClkFreq>100</InputClkFreq> 
MIG: 09:42:09 : xml_input_file: mig_b.prj
MIG: 09:42:09 : Absolute path of xml_input_file: e:/Development/OS2018spring-projects-g05/thinpad_top/thinpad_top.srcs/sources_1/ip/mig_ddr3/mig_b.prj
MIG: 09:42:09 : xml_input_file: mig_b.prj
MIG: 09:42:09 : Absolute path of xml_input_file: e:/Development/OS2018spring-projects-g05/thinpad_top/thinpad_top.srcs/sources_1/ip/mig_ddr3/mig_b.prj
MIG: 14:56:13 : Running synthesis.xit
MIG: 14:56:13 : ################# RUNNING MIG BATCH ###################
MIG: 14:56:13 : Writing IN file for 'mig_ddr3'...compDirPath: d:/Xilinx/Vivado/2017.2/data/ip/xilinx/mig_7series_v4_0... instDirPath: e:/Development/OS2018spring-projects-g05/thinpad_top/thinpad_top.srcs/sources_1/ip/mig_ddr3
MIG: 14:56:13 : synp_flow:  -- synthesis_mode: Other
MIG: 14:56:13 : outputDirectory: e:/Development/OS2018spring-projects-g05/thinpad_top/thinpad_top.srcs/sources_1/ip/mig_ddr3/_tmp/
MIG: 14:56:13 : vivado_mode: xpg_pa
MIG: 14:56:13 :  locked false  
MIG: 14:56:13 : HDL Language: Verilog
MIG: 14:56:13 : compInfo: false
MIG: 14:56:13 : Vivado Options xc7a200t fbg676 -2
MIG: 14:56:13 : 1: xc7a200t 2: fbg676 3: -2
MIG: 14:56:13 : relative mig path: coregen/ip/xilinx/other/com/xilinx/ip/mig_7series_v4_0/bin/nt64/mig.exe
MIG: 14:56:13 : xilinx_path: D:/Xilinx/Vivado/2017.2/ids_lite/ISE
MIG: 14:56:13 : I am in catch area
MIG: 14:56:13 : Running D:/Xilinx/Vivado/2017.2/ids_lite/ISE/coregen/ip/xilinx/other/com/xilinx/ip/mig_7series_v4_0/bin/nt64/mig.exe -cg_exc_inp e:/Development/OS2018spring-projects-g05/thinpad_top/thinpad_top.srcs/sources_1/ip/mig_ddr3/xil_txt.in -cg_exc_out e:/Development/OS2018spring-projects-g05/thinpad_top/thinpad_top.srcs/sources_1/ip/mig_ddr3/xil_txt.out ... 
MIG: 14:56:42 : XML_INPUT_FILE: e:/Development/OS2018spring-projects-g05/thinpad_top/thinpad_top.srcs/sources_1/ip/mig_ddr3/mig_b.prj
MIG: 14:56:42 : Component_Name: mig_ddr3
MIG: 14:56:42 : Moving mig_ddr3 ...
MIG: 14:57:34 : Running synthesis.xit
MIG: 14:57:34 : ################# RUNNING MIG BATCH ###################
MIG: 14:57:34 : Writing IN file for 'mig_ddr3'...compDirPath: d:/Xilinx/Vivado/2017.2/data/ip/xilinx/mig_7series_v4_0... instDirPath: e:/Development/OS2018spring-projects-g05/thinpad_top/thinpad_top.srcs/sources_1/ip/mig_ddr3
MIG: 14:57:34 : synp_flow:  -- synthesis_mode: Other
MIG: 14:57:34 : outputDirectory: e:/Development/OS2018spring-projects-g05/thinpad_top/thinpad_top.srcs/sources_1/ip/mig_ddr3/_tmp/
MIG: 14:57:34 : vivado_mode: xpg_pa
MIG: 14:57:34 :  locked false  
MIG: 14:57:34 : HDL Language: Verilog
MIG: 14:57:34 : compInfo: false
MIG: 14:57:34 : Vivado Options xc7a200t fbg676 -2
MIG: 14:57:34 : 1: xc7a200t 2: fbg676 3: -2
MIG: 14:57:34 : relative mig path: coregen/ip/xilinx/other/com/xilinx/ip/mig_7series_v4_0/bin/nt64/mig.exe
MIG: 14:57:34 : xilinx_path: D:/Xilinx/Vivado/2017.2/ids_lite/ISE
MIG: 14:57:34 : I am in catch area
MIG: 14:57:34 : Running D:/Xilinx/Vivado/2017.2/ids_lite/ISE/coregen/ip/xilinx/other/com/xilinx/ip/mig_7series_v4_0/bin/nt64/mig.exe -cg_exc_inp e:/Development/OS2018spring-projects-g05/thinpad_top/thinpad_top.srcs/sources_1/ip/mig_ddr3/xil_txt.in -cg_exc_out e:/Development/OS2018spring-projects-g05/thinpad_top/thinpad_top.srcs/sources_1/ip/mig_ddr3/xil_txt.out ... 
MIG: 14:57:48 : XML_INPUT_FILE: e:/Development/OS2018spring-projects-g05/thinpad_top/thinpad_top.srcs/sources_1/ip/mig_ddr3/mig_b.prj
MIG: 14:57:48 : Component_Name: mig_ddr3
MIG: 14:57:48 : Moving mig_ddr3 ...
MIG: 14:57:48 : Moving mig_ddr3.veo ...
MIG: 14:57:48 : Moving mig_ddr3_xmdf.tcl ...
MIG: 14:57:48 : Running vlog_synth_rpr.xit
MIG: 14:57:48 : IGN:     <ModuleName>mig_ddr3</ModuleName> <==>     <ModuleName>mig_ddr3</ModuleName> 
MIG: 14:57:48 : IGN:         <InputClkFreq>100</InputClkFreq> <==>         <InputClkFreq>100</InputClkFreq> 
MIG: 14:57:49 : Running implementation.xit
MIG: 14:57:49 : IGN:     <ModuleName>mig_ddr3</ModuleName> <==>     <ModuleName>mig_ddr3</ModuleName> 
MIG: 14:57:49 : IGN:         <InputClkFreq>100</InputClkFreq> <==>         <InputClkFreq>100</InputClkFreq> 
